Arguments: 
  A:\node\node.exe C:\Users\Dell\AppData\Roaming\npm\node_modules\yarn\bin\yarn.js add cors crypto-js dotenv express-validator jsonwebtoken mongoose nodemone

PATH: 
  C:\Python311\Scripts\;C:\Python311\;C:\Python310\Scripts\;C:\Python310\;C:\ProgramData\Oracle\Java\javapath;C:\Program Files\Common Files\Oracle\Java\javapath;C:\Program Files (x86)\Common Files\Oracle\Java\javapath;C:\WINDOWS\system32;C:\WINDOWS;C:\WINDOWS\System32\Wbem;C:\WINDOWS\System32\WindowsPowerShell\v1.0\;C:\WINDOWS\System32\OpenSSH\;A:\Git\cmd;C:\ProgramData\chocolatey\bin;J:\ffmpeg;C:\Program Files\dotnet\;A:\New folder (2)\Git\cmd;A:\XAMPP\php;C:\Program Files\MongoDB\Server\6.0\bin;A:\Downloads\mongosh-1.6.0-win32-x64\bin;A:\XAMPP\htdocs;A:\node\;A:\Python\Scripts\;A:\Python\;C:\Users\Dell\AppData\Local\Microsoft\WindowsApps;A:\Microsoft VS Code\bin;C:\Users\Dell\AppData\Local\gitkraken\bin;C:\Program Files\Azure Data Studio\bin;C:\Users\Dell\AppData\Roaming\Composer\vendor\bin;C:\Users\Dell\AppData\Roaming\npm

Yarn version: 
  1.22.19

Node version: 
  18.14.2

Platform: 
  win32 x64

Trace: 
  Error: https://registry.yarnpkg.com/nodemone: Not found
      at params.callback [as _callback] (C:\Users\Dell\AppData\Roaming\npm\node_modules\yarn\lib\cli.js:66145:18)
      at self.callback (C:\Users\Dell\AppData\Roaming\npm\node_modules\yarn\lib\cli.js:140890:22)
      at Request.emit (node:events:513:28)
      at Request.<anonymous> (C:\Users\Dell\AppData\Roaming\npm\node_modules\yarn\lib\cli.js:141862:10)
      at Request.emit (node:events:513:28)
      at IncomingMessage.<anonymous> (C:\Users\Dell\AppData\Roaming\npm\node_modules\yarn\lib\cli.js:141784:12)
      at Object.onceWrapper (node:events:627:28)
      at IncomingMessage.emit (node:events:525:35)
      at endReadableNT (node:internal/streams/readable:1359:12)
      at process.processTicksAndRejections (node:internal/process/task_queues:82:21)

npm manifest: 
  {
    "name": "server",
    "version": "0.0.0",
    "private": true,
    "scripts": {
      "start": "node ./bin/www"
    },
    "dependencies": {
      "cookie-parser": "~1.4.4",
      "debug": "~2.6.9",
      "express": "~4.16.1",
      "morgan": "~1.9.1"
    }
  }

yarn manifest: 
  No manifest

Lockfile: 
  No lockfile
